SF:lib/features/weekday/cubit/weekday_cubit.dart
DA:8,3
DA:12,1
DA:13,2
DA:16,2
DA:17,4
DA:19,3
LF:6
LH:6
end_of_record
SF:lib/features/weekday/cubit/weekday_state.dart
DA:4,4
DA:6,1
DA:7,1
DA:16,3
DA:18,1
DA:19,3
DA:25,3
DA:27,1
DA:28,2
LF:9
LH:9
end_of_record
SF:lib/features/current_weather/bloc/current_state.dart
DA:4,9
DA:6,0
DA:7,0
DA:11,7
DA:13,1
DA:14,1
DA:18,1
DA:22,1
DA:23,2
DA:27,7
DA:29,1
DA:30,1
LF:12
LH:10
end_of_record
SF:lib/features/current_weather/bloc/current_bloc.dart
DA:10,2
DA:11,2
DA:12,1
DA:13,1
DA:16,2
DA:17,2
DA:19,1
LF:7
LH:7
end_of_record
SF:lib/features/current_weather/bloc/current_event.dart
DA:4,2
DA:8,1
LF:2
LH:2
end_of_record
SF:lib/features/nextday_weather/bloc/nextdays_event.dart
DA:4,1
LF:1
LH:1
end_of_record
SF:lib/features/nextday_weather/bloc/nextdays_state.dart
DA:4,2
DA:6,1
DA:7,1
DA:15,1
DA:17,1
DA:18,2
LF:6
LH:6
end_of_record
SF:lib/features/nextday_weather/bloc/nextdays_bloc.dart
DA:9,3
DA:10,2
DA:11,1
DA:12,2
DA:15,2
DA:16,2
DA:18,2
LF:7
LH:7
end_of_record
SF:lib/features/current_weather/ui/home_page.dart
DA:8,1
DA:10,1
DA:12,1
DA:13,1
DA:14,2
DA:15,1
DA:17,1
DA:19,1
DA:20,1
DA:22,1
DA:24,1
DA:25,1
DA:26,1
DA:27,1
DA:31,1
DA:32,0
DA:34,0
DA:35,0
DA:37,0
DA:38,0
DA:43,1
DA:50,1
DA:52,2
DA:58,1
DA:60,1
DA:61,1
DA:63,1
DA:65,2
DA:71,1
DA:73,1
DA:74,1
DA:75,1
DA:76,0
DA:78,0
DA:79,0
DA:80,0
DA:82,0
DA:83,0
DA:84,0
DA:86,0
DA:92,1
DA:96,1
DA:97,1
DA:99,2
DA:102,0
DA:104,0
DA:110,1
DA:111,2
DA:115,1
DA:118,2
DA:120,1
DA:121,1
DA:122,1
DA:123,1
DA:124,2
DA:125,1
DA:128,1
DA:139,1
DA:142,2
DA:144,1
DA:145,1
DA:146,1
DA:147,1
DA:148,2
DA:149,1
DA:152,1
DA:163,1
DA:166,2
LF:68
LH:53
end_of_record
SF:lib/features/nextday_weather/ui/bottom_row.dart
DA:12,1
DA:17,1
DA:19,1
DA:21,1
DA:23,1
DA:24,1
DA:25,1
DA:26,1
DA:27,1
DA:32,1
DA:33,1
DA:34,1
DA:38,1
DA:40,0
DA:42,0
DA:43,0
DA:44,0
DA:45,0
DA:46,0
DA:51,0
DA:54,0
DA:55,0
DA:60,1
DA:61,1
DA:63,1
DA:66,0
DA:68,0
LF:27
LH:16
end_of_record
