SF:lib/features/weekday/cubit/weekday_cubit.dart
DA:8,3
DA:12,1
DA:13,2
DA:16,2
DA:17,4
DA:19,3
LF:6
LH:6
end_of_record
SF:lib/features/weekday/cubit/weekday_state.dart
DA:4,2
DA:6,1
DA:7,1
DA:16,2
DA:18,1
DA:19,3
DA:25,2
DA:27,1
DA:28,2
LF:9
LH:9
end_of_record
SF:lib/features/current_weather/bloc/current_state.dart
DA:4,6
DA:6,0
DA:7,0
DA:11,4
DA:13,1
DA:14,1
DA:18,1
DA:22,1
DA:23,2
DA:27,4
DA:29,1
DA:30,1
LF:12
LH:10
end_of_record
SF:lib/features/current_weather/bloc/current_bloc.dart
DA:10,2
DA:11,2
DA:12,1
DA:13,1
DA:16,2
DA:17,2
DA:19,1
LF:7
LH:7
end_of_record
SF:lib/features/current_weather/bloc/current_event.dart
DA:4,2
DA:8,1
LF:2
LH:2
end_of_record
SF:lib/features/nextday_weather/bloc/nextdays_event.dart
DA:4,1
LF:1
LH:1
end_of_record
SF:lib/features/nextday_weather/bloc/nextdays_state.dart
DA:4,1
DA:6,1
DA:7,1
DA:15,1
DA:17,1
DA:18,2
LF:6
LH:6
end_of_record
SF:lib/features/nextday_weather/bloc/nextdays_bloc.dart
DA:9,3
DA:10,2
DA:11,1
DA:12,2
DA:15,2
DA:16,2
DA:18,2
LF:7
LH:7
end_of_record
